Using pre-set license
Built from '2022.3/staging' branch; Version is '2022.3.10f1 (ff3792e53c62) revision 16725906'; Using compiler version '192829333'; Build Type 'Release'
OS: 'Windows 11  (10.0.22621) 64bit CoreSingleLanguage' Language: 'en' Physical Memory: 16108 MB
BatchMode: 1, IsHumanControllingUs: 0, StartBugReporterOnCrash: 0, Is64bit: 1, IsPro: 1

COMMAND LINE ARGUMENTS:
C:\Program Files\Unity\Hub\Editor\2022.3.10f1\Editor\Unity.exe
-adb2
-batchMode
-noUpm
-name
AssetImportWorker2
-projectPath
C:/Users/nevsa/OneDrive/Masaüstü/Uygulamalar/unityAtes/ates
-logFile
Logs/AssetImportWorker2.log
-srvPort
38782
Successfully changed project path to: C:/Users/nevsa/OneDrive/Masaüstü/Uygulamalar/unityAtes/ates
C:/Users/nevsa/OneDrive/Masaüstü/Uygulamalar/unityAtes/ates
[UnityMemory] Configuration Parameters - Can be set up in boot.config
    "memorysetup-bucket-allocator-granularity=16"
    "memorysetup-bucket-allocator-bucket-count=8"
    "memorysetup-bucket-allocator-block-size=33554432"
    "memorysetup-bucket-allocator-block-count=8"
    "memorysetup-main-allocator-block-size=16777216"
    "memorysetup-thread-allocator-block-size=16777216"
    "memorysetup-gfx-main-allocator-block-size=16777216"
    "memorysetup-gfx-thread-allocator-block-size=16777216"
    "memorysetup-cache-allocator-block-size=4194304"
    "memorysetup-typetree-allocator-block-size=2097152"
    "memorysetup-profiler-bucket-allocator-granularity=16"
    "memorysetup-profiler-bucket-allocator-bucket-count=8"
    "memorysetup-profiler-bucket-allocator-block-size=33554432"
    "memorysetup-profiler-bucket-allocator-block-count=8"
    "memorysetup-profiler-allocator-block-size=16777216"
    "memorysetup-profiler-editor-allocator-block-size=1048576"
    "memorysetup-temp-allocator-size-main=16777216"
    "memorysetup-job-temp-allocator-block-size=2097152"
    "memorysetup-job-temp-allocator-block-size-background=1048576"
    "memorysetup-job-temp-allocator-reduction-small-platforms=262144"
    "memorysetup-allocator-temp-initial-block-size-main=262144"
    "memorysetup-allocator-temp-initial-block-size-worker=262144"
    "memorysetup-temp-allocator-size-background-worker=32768"
    "memorysetup-temp-allocator-size-job-worker=262144"
    "memorysetup-temp-allocator-size-preload-manager=33554432"
    "memorysetup-temp-allocator-size-nav-mesh-worker=65536"
    "memorysetup-temp-allocator-size-audio-worker=65536"
    "memorysetup-temp-allocator-size-cloud-worker=32768"
    "memorysetup-temp-allocator-size-gi-baking-worker=262144"
    "memorysetup-temp-allocator-size-gfx=262144"
Player connection [6524] Host "[IP] 192.168.0.25 [Port] 0 [Flags] 2 [Guid] 2835861271 [EditorId] 2835861271 [Version] 1048832 [Id] WindowsEditor(7,nevsah) [Debug] 1 [PackageName] WindowsEditor [ProjectName] Editor" joined multi-casting on [225.0.0.222:54997]...

Player connection [6524] Host "[IP] 192.168.0.25 [Port] 0 [Flags] 2 [Guid] 2835861271 [EditorId] 2835861271 [Version] 1048832 [Id] WindowsEditor(7,nevsah) [Debug] 1 [PackageName] WindowsEditor [ProjectName] Editor" joined alternative multi-casting on [225.0.0.222:34997]...

[Physics::Module] Initialized MultithreadedJobDispatcher with 15 workers.
Refreshing native plugins compatible for Editor in 12.86 ms, found 3 plugins.
Preloading 0 native plugins for Editor in 0.00 ms.
Initialize engine version: 2022.3.10f1 (ff3792e53c62)
[Subsystems] Discovering subsystems at path C:/Program Files/Unity/Hub/Editor/2022.3.10f1/Editor/Data/Resources/UnitySubsystems
[Subsystems] Discovering subsystems at path C:/Users/nevsa/OneDrive/Masaüstü/Uygulamalar/unityAtes/ates/Assets
GfxDevice: creating device client; threaded=0; jobified=0
Direct3D:
    Version:  Direct3D 11.0 [level 11.1]
    Renderer: Intel(R) Iris(R) Xe Graphics (ID=0x46a6)
    Vendor:   Intel
    VRAM:     8054 MB
    Driver:   31.0.101.3729
Initialize mono
Mono path[0] = 'C:/Program Files/Unity/Hub/Editor/2022.3.10f1/Editor/Data/Managed'
Mono path[1] = 'C:/Program Files/Unity/Hub/Editor/2022.3.10f1/Editor/Data/MonoBleedingEdge/lib/mono/unityjit-win32'
Mono config path = 'C:/Program Files/Unity/Hub/Editor/2022.3.10f1/Editor/Data/MonoBleedingEdge/etc'
Using monoOptions --debugger-agent=transport=dt_socket,embedding=1,server=y,suspend=n,address=127.0.0.1:56728
Begin MonoManager ReloadAssembly
Registering precompiled unity dll's ...
Register platform support module: C:/Program Files/Unity/Hub/Editor/2022.3.10f1/Editor/Data/PlaybackEngines/WebGLSupport/UnityEditor.WebGL.Extensions.dll
Register platform support module: C:/Program Files/Unity/Hub/Editor/2022.3.10f1/Editor/Data/PlaybackEngines/AndroidPlayer/UnityEditor.Android.Extensions.dll
Register platform support module: C:/Program Files/Unity/Hub/Editor/2022.3.10f1/Editor/Data/PlaybackEngines/iOSSupport/UnityEditor.iOS.Extensions.dll
Register platform support module: C:/Program Files/Unity/Hub/Editor/2022.3.10f1/Editor/Data/PlaybackEngines/WindowsStandaloneSupport/UnityEditor.WindowsStandalone.Extensions.dll
Registered in 0.015941 seconds.
- Loaded All Assemblies, in  0.631 seconds
Native extension for WindowsStandalone target not found
Native extension for iOS target not found
Native extension for Android target not found
Android Extension - Scanning For ADB Devices 1104 ms
Native extension for WebGL target not found
Mono: successfully reloaded assembly
- Finished resetting the current domain, in  1.683 seconds
Domain Reload Profiling: 2312ms
	BeginReloadAssembly (188ms)
		ExecutionOrderSort (0ms)
		DisableScriptedObjects (0ms)
		BackupInstance (0ms)
		ReleaseScriptingObjects (0ms)
		CreateAndSetChildDomain (1ms)
	RebuildCommonClasses (56ms)
	RebuildNativeTypeToScriptingClass (17ms)
	initialDomainReloadingComplete (109ms)
	LoadAllAssembliesAndSetupDomain (259ms)
		LoadAssemblies (187ms)
		RebuildTransferFunctionScriptingTraits (0ms)
		AnalyzeDomain (255ms)
			TypeCache.Refresh (252ms)
				TypeCache.ScanAssembly (231ms)
			ScanForSourceGeneratedMonoScriptInfo (1ms)
			ResolveRequiredComponents (1ms)
	FinalizeReload (1684ms)
		ReleaseScriptCaches (0ms)
		RebuildScriptCaches (0ms)
		SetupLoadedEditorAssemblies (1585ms)
			LogAssemblyErrors (0ms)
			InitializePlatformSupportModulesInManaged (1329ms)
			SetLoadedEditorAssemblies (7ms)
			RefreshPlugins (0ms)
			BeforeProcessingInitializeOnLoad (4ms)
			ProcessInitializeOnLoadAttributes (166ms)
			ProcessInitializeOnLoadMethodAttributes (79ms)
			AfterProcessingInitializeOnLoad (0ms)
			EditorAssembliesLoaded (0ms)
		ExecutionOrderSort2 (0ms)
		AwakeInstancesAfterBackupRestoration (0ms)
========================================================================
Worker process is ready to serve import requests
Begin MonoManager ReloadAssembly
- Loaded All Assemblies, in  1.093 seconds
Refreshing native plugins compatible for Editor in 3.17 ms, found 3 plugins.
Native extension for WindowsStandalone target not found
Native extension for iOS target not found
Native extension for Android target not found
Native extension for WebGL target not found
Package Manager log level set to [2]
[Package Manager] Server::EnsureServerProcessIsRunning -- launch failed, reason: Unity was launched with the -noUpm command-line argument
[Package Manager] UpmClient::Send -- Unable to send message (not connected to UPM process).
[Package Manager] Cannot connect to Unity Package Manager local server
Mono: successfully reloaded assembly
- Finished resetting the current domain, in  0.935 seconds
Domain Reload Profiling: 2025ms
	BeginReloadAssembly (287ms)
		ExecutionOrderSort (0ms)
		DisableScriptedObjects (10ms)
		BackupInstance (0ms)
		ReleaseScriptingObjects (0ms)
		CreateAndSetChildDomain (39ms)
	RebuildCommonClasses (104ms)
	RebuildNativeTypeToScriptingClass (22ms)
	initialDomainReloadingComplete (64ms)
	LoadAllAssembliesAndSetupDomain (612ms)
		LoadAssemblies (497ms)
		RebuildTransferFunctionScriptingTraits (0ms)
		AnalyzeDomain (288ms)
			TypeCache.Refresh (253ms)
				TypeCache.ScanAssembly (229ms)
			ScanForSourceGeneratedMonoScriptInfo (26ms)
			ResolveRequiredComponents (6ms)
	FinalizeReload (936ms)
		ReleaseScriptCaches (0ms)
		RebuildScriptCaches (0ms)
		SetupLoadedEditorAssemblies (671ms)
			LogAssemblyErrors (0ms)
			InitializePlatformSupportModulesInManaged (64ms)
			SetLoadedEditorAssemblies (5ms)
			RefreshPlugins (0ms)
			BeforeProcessingInitializeOnLoad (90ms)
			ProcessInitializeOnLoadAttributes (473ms)
			ProcessInitializeOnLoadMethodAttributes (30ms)
			AfterProcessingInitializeOnLoad (9ms)
			EditorAssembliesLoaded (0ms)
		ExecutionOrderSort2 (0ms)
		AwakeInstancesAfterBackupRestoration (11ms)
Launched and connected shader compiler UnityShaderCompiler.exe after 0.06 seconds
Refreshing native plugins compatible for Editor in 3.66 ms, found 3 plugins.
Preloading 0 native plugins for Editor in 0.00 ms.
Unloading 3198 Unused Serialized files (Serialized files now loaded: 0)
Unloading 31 unused Assets / (56.7 KB). Loaded Objects now: 3663.
Memory consumption went from 144.8 MB to 144.7 MB.
Total: 5.229300 ms (FindLiveObjects: 0.291500 ms CreateObjectMapping: 0.388900 ms MarkObjects: 4.337000 ms  DeleteObjects: 0.209800 ms)

AssetImportParameters requested are different than current active one (requested -> active):
  custom:container-demuxer-ogg: 62fdf1f143b41e24485cea50d1cbac27 -> 
  custom:video-codec-MediaFoundation-h265: 746d11721c4dcdbdad8f713fa42b33f4 -> 
  custom:video-decoder-ogg-theora: a1e56fd34408186e4bbccfd4996cb3dc -> 
  custom:framework-win-MediaFoundation: 216162199b28c13a410421893ffa2e32 -> 
  custom:container-demuxer-webm: 4f35f7cbe854078d1ac9338744f61a02 -> 
  custom:container-muxer-webm: aa71ff27fc2769a1b78a27578f13a17b -> 
  custom:video-decoder-webm-vp8: 9c59270c3fd7afecdb556c50c9e8de78 -> 
  custom:AudioImporter_EditorPlatform: d09bf68614088b80899f8185d706f6e7 -> 
  custom:video-encoder-webm-vp8: eb34c28f22e8b96e1ab97ce403110664 -> 
  custom:audio-decoder-ogg-vorbis: bf7c407c2cedff20999df2af8eb42d56 -> 
  custom:audio-encoder-webm-vorbis: bf7c407c2cedff20999df2af8eb42d56 -> 
========================================================================
Received Import Request.
  Time since last request: 206377.871225 seconds.
  path: Assets/#NVJOB Slender/Example/Environment/Materials/Ground.mat
  artifactKey: Guid(e0640fdc7f3b4c328ce4d4a8c12182e1) Importer(815301076,1909f56bfc062723c751e8b465ee728b)
Start importing Assets/#NVJOB Slender/Example/Environment/Materials/Ground.mat using Guid(e0640fdc7f3b4c328ce4d4a8c12182e1) Importer(815301076,1909f56bfc062723c751e8b465ee728b)  -> (artifact id: '7afe0e359c849aa70daefc8c672a86d2') in 0.268167 seconds
Number of updated asset objects reloaded before import = 0
Number of asset objects unloaded after import = 1
========================================================================
Received Import Request.
  Time since last request: 0.000054 seconds.
  path: Assets/New Material 1.mat
  artifactKey: Guid(2b1028ca2924a9047aecb8e72754eb19) Importer(815301076,1909f56bfc062723c751e8b465ee728b)
Start importing Assets/New Material 1.mat using Guid(2b1028ca2924a9047aecb8e72754eb19) Importer(815301076,1909f56bfc062723c751e8b465ee728b)  -> (artifact id: 'aca6ce4c99048eebdab720737c6b217c') in 0.048139 seconds
Number of updated asset objects reloaded before import = 0
Number of asset objects unloaded after import = 1
========================================================================
Received Import Request.
  Time since last request: 0.000029 seconds.
  path: Assets/PBR_Grass_Textures/example_scene/grass_03.mat
  artifactKey: Guid(52bb7962a4417464585e150c878aff14) Importer(815301076,1909f56bfc062723c751e8b465ee728b)
Start importing Assets/PBR_Grass_Textures/example_scene/grass_03.mat using Guid(52bb7962a4417464585e150c878aff14) Importer(815301076,1909f56bfc062723c751e8b465ee728b)  -> (artifact id: '2f85fb88c863a11bf7f744198b63daf9') in 0.094559 seconds
Number of updated asset objects reloaded before import = 0
Number of asset objects unloaded after import = 4
========================================================================
Received Import Request.
  Time since last request: 0.000033 seconds.
  path: Assets/#NVJOB Slender/Slender/Materials/Shoes.mat
  artifactKey: Guid(482da43e4b4c49659f5071cb8673471d) Importer(815301076,1909f56bfc062723c751e8b465ee728b)
Start importing Assets/#NVJOB Slender/Slender/Materials/Shoes.mat using Guid(482da43e4b4c49659f5071cb8673471d) Importer(815301076,1909f56bfc062723c751e8b465ee728b)  -> (artifact id: 'b127ae3853b922ea26f7c960391f9169') in 0.056025 seconds
Number of updated asset objects reloaded before import = 0
Number of asset objects unloaded after import = 3
========================================================================
Received Prepare
Refreshing native plugins compatible for Editor in 5.01 ms, found 3 plugins.
Preloading 0 native plugins for Editor in 0.00 ms.
Unloading 0 Unused Serialized files (Serialized files now loaded: 0)
Unloading 1 unused Assets / (0.9 KB). Loaded Objects now: 3705.
Memory consumption went from 79.3 MB to 79.3 MB.
Total: 8.582800 ms (FindLiveObjects: 0.455900 ms CreateObjectMapping: 0.259900 ms MarkObjects: 7.808900 ms  DeleteObjects: 0.055400 ms)

Prepare: number of updated asset objects reloaded= 0
AssetImportParameters requested are different than current active one (requested -> active):
  custom:container-demuxer-ogg: 62fdf1f143b41e24485cea50d1cbac27 -> 
  custom:video-codec-MediaFoundation-h265: 746d11721c4dcdbdad8f713fa42b33f4 -> 
  custom:video-decoder-ogg-theora: a1e56fd34408186e4bbccfd4996cb3dc -> 
  custom:framework-win-MediaFoundation: 216162199b28c13a410421893ffa2e32 -> 
  custom:CustomObjectIndexerAttribute: 756ad292c208cfabdd7b50bc23989ffe -> 
  custom:container-demuxer-webm: 4f35f7cbe854078d1ac9338744f61a02 -> 
  custom:container-muxer-webm: aa71ff27fc2769a1b78a27578f13a17b -> 
  custom:video-decoder-webm-vp8: 9c59270c3fd7afecdb556c50c9e8de78 -> 
  custom:SearchIndexIgnoredProperties: e643bd26f0fe6173181afceb89e7c659 -> 
  custom:AudioImporter_EditorPlatform: d09bf68614088b80899f8185d706f6e7 -> 
  custom:video-encoder-webm-vp8: eb34c28f22e8b96e1ab97ce403110664 -> 
  custom:audio-decoder-ogg-vorbis: bf7c407c2cedff20999df2af8eb42d56 -> 
  custom:audio-encoder-webm-vorbis: bf7c407c2cedff20999df2af8eb42d56 -> 
========================================================================
Received Import Request.
  Time since last request: 480.481343 seconds.
  path: Assets/Skeleton_Ghost/Materials/Body/Body.mat
  artifactKey: Guid(60046dfe1ab2d5746a6ccb2df0a78039) Importer(815301076,1909f56bfc062723c751e8b465ee728b)
Start importing Assets/Skeleton_Ghost/Materials/Body/Body.mat using Guid(60046dfe1ab2d5746a6ccb2df0a78039) Importer(815301076,1909f56bfc062723c751e8b465ee728b)  -> (artifact id: '58d335e1254e684748dee06beecf25bb') in 0.135317 seconds
Number of updated asset objects reloaded before import = 0
Number of asset objects unloaded after import = 4
========================================================================
Received Import Request.
  Time since last request: 0.000036 seconds.
  path: Assets/Skeleton_Ghost/Materials/Body/Body_04.mat
  artifactKey: Guid(9a4214d6459832d42a9454a6f750d3dc) Importer(815301076,1909f56bfc062723c751e8b465ee728b)
Start importing Assets/Skeleton_Ghost/Materials/Body/Body_04.mat using Guid(9a4214d6459832d42a9454a6f750d3dc) Importer(815301076,1909f56bfc062723c751e8b465ee728b)  -> (artifact id: 'c7cf16fdc4e4056450dca9bdefdc379e') in 0.041287 seconds
Number of updated asset objects reloaded before import = 0
Number of asset objects unloaded after import = 4
========================================================================
Received Import Request.
  Time since last request: 0.000044 seconds.
  path: Assets/Skeleton_Ghost/Materials/Others/Floor.mat
  artifactKey: Guid(16b9be24bf5d4a94d8e768fc65eaafdc) Importer(815301076,1909f56bfc062723c751e8b465ee728b)
Start importing Assets/Skeleton_Ghost/Materials/Others/Floor.mat using Guid(16b9be24bf5d4a94d8e768fc65eaafdc) Importer(815301076,1909f56bfc062723c751e8b465ee728b)  -> (artifact id: '806cb8d238c0bdc4457dca42574ed49e') in 0.036163 seconds
Number of updated asset objects reloaded before import = 0
Number of asset objects unloaded after import = 1
========================================================================
Received Import Request.
  Time since last request: 0.000099 seconds.
  path: Assets/Skeleton_Ghost/Materials/Body/Body_03.mat
  artifactKey: Guid(5d4a811f812bef849a7fbfeefdecf6ca) Importer(815301076,1909f56bfc062723c751e8b465ee728b)
Start importing Assets/Skeleton_Ghost/Materials/Body/Body_03.mat using Guid(5d4a811f812bef849a7fbfeefdecf6ca) Importer(815301076,1909f56bfc062723c751e8b465ee728b)  -> (artifact id: 'f216556094decd2ddeadd02fc3c93c7b') in 0.033086 seconds
Number of updated asset objects reloaded before import = 0
Number of asset objects unloaded after import = 4
========================================================================
Received Import Request.
  Time since last request: 0.000030 seconds.
  path: Assets/Skeleton_Ghost/Materials/Pant/Pant_03.mat
  artifactKey: Guid(8a6eabef6d6e61c44a4e44aac740b21a) Importer(815301076,1909f56bfc062723c751e8b465ee728b)
Start importing Assets/Skeleton_Ghost/Materials/Pant/Pant_03.mat using Guid(8a6eabef6d6e61c44a4e44aac740b21a) Importer(815301076,1909f56bfc062723c751e8b465ee728b)  -> (artifact id: '8fc6ff9f7c05126cbabfd126dc1c1d54') in 0.040646 seconds
Number of updated asset objects reloaded before import = 0
Number of asset objects unloaded after import = 4
========================================================================
Received Import Request.
  Time since last request: 0.000041 seconds.
  path: Assets/Skeleton_Ghost/Materials/Head_01/Head_03.mat
  artifactKey: Guid(02f156ce1b691df44be2820fc0cb15db) Importer(815301076,1909f56bfc062723c751e8b465ee728b)
Start importing Assets/Skeleton_Ghost/Materials/Head_01/Head_03.mat using Guid(02f156ce1b691df44be2820fc0cb15db) Importer(815301076,1909f56bfc062723c751e8b465ee728b)  -> (artifact id: '387cb3ba97b078c58c8346068804921e') in 0.047250 seconds
Number of updated asset objects reloaded before import = 0
Number of asset objects unloaded after import = 4
========================================================================
Received Import Request.
  Time since last request: 0.000032 seconds.
  path: Assets/Skeleton_Ghost/Materials/Pant/Pant_04.mat
  artifactKey: Guid(e039c910de08c3f4c9b08c9772f4aacf) Importer(815301076,1909f56bfc062723c751e8b465ee728b)
Start importing Assets/Skeleton_Ghost/Materials/Pant/Pant_04.mat using Guid(e039c910de08c3f4c9b08c9772f4aacf) Importer(815301076,1909f56bfc062723c751e8b465ee728b)  -> (artifact id: '84e42b88c0329ace395f65a7d0b8b59f') in 0.033779 seconds
Number of updated asset objects reloaded before import = 0
Number of asset objects unloaded after import = 4
========================================================================
Received Import Request.
  Time since last request: 0.000025 seconds.
  path: Assets/Skeleton_Ghost/Meshes/Heads/Head_01.fbx
  artifactKey: Guid(fc2971568e92a4b42b2ffd0c8e03f1e4) Importer(815301076,1909f56bfc062723c751e8b465ee728b)
Start importing Assets/Skeleton_Ghost/Meshes/Heads/Head_01.fbx using Guid(fc2971568e92a4b42b2ffd0c8e03f1e4) Importer(815301076,1909f56bfc062723c751e8b465ee728b)  -> (artifact id: 'be86b3ac680c1f4155c1f95684d61ee9') in 0.096959 seconds
Number of updated asset objects reloaded before import = 0
Number of asset objects unloaded after import = 10
========================================================================
Received Import Request.
  Time since last request: 0.000055 seconds.
  path: Assets/Skeleton_Ghost/Materials/Head_01/Head_02.mat
  artifactKey: Guid(6f06d6cb46521e54c94ea40f945d390f) Importer(815301076,1909f56bfc062723c751e8b465ee728b)
Start importing Assets/Skeleton_Ghost/Materials/Head_01/Head_02.mat using Guid(6f06d6cb46521e54c94ea40f945d390f) Importer(815301076,1909f56bfc062723c751e8b465ee728b)  -> (artifact id: 'cd905a3335dff93c4b99b684d0b2c47e') in 0.070420 seconds
Number of updated asset objects reloaded before import = 0
Number of asset objects unloaded after import = 4
========================================================================
Received Import Request.
  Time since last request: 46.891784 seconds.
  path: Assets/Skeleton_Ghost/Animations/Attack_02.fbx
  artifactKey: Guid(0679e5f5712aa5a41aea16bc1c475460) Importer(815301076,1909f56bfc062723c751e8b465ee728b)
Start importing Assets/Skeleton_Ghost/Animations/Attack_02.fbx using Guid(0679e5f5712aa5a41aea16bc1c475460) Importer(815301076,1909f56bfc062723c751e8b465ee728b)  -> (artifact id: '111f3e26645ae783c324563affbc872b') in 0.025731 seconds
Number of updated asset objects reloaded before import = 0
Number of asset objects unloaded after import = 113
========================================================================
Received Import Request.
  Time since last request: 0.000041 seconds.
  path: Assets/Skeleton_Ghost/Animations/Hit_01.fbx
  artifactKey: Guid(b205be89bc4eca34ab83349b4745a606) Importer(815301076,1909f56bfc062723c751e8b465ee728b)
Start importing Assets/Skeleton_Ghost/Animations/Hit_01.fbx using Guid(b205be89bc4eca34ab83349b4745a606) Importer(815301076,1909f56bfc062723c751e8b465ee728b)  -> (artifact id: 'c732c151db7e8aa26ca5c4158a460ee4') in 0.011764 seconds
Number of updated asset objects reloaded before import = 0
Number of asset objects unloaded after import = 113
========================================================================
Received Import Request.
  Time since last request: 0.000034 seconds.
  path: Assets/Skeleton_Ghost/Animations/Run.fbx
  artifactKey: Guid(8d6fe84113db7ff4583ca3cf7831b8ad) Importer(815301076,1909f56bfc062723c751e8b465ee728b)
Start importing Assets/Skeleton_Ghost/Animations/Run.fbx using Guid(8d6fe84113db7ff4583ca3cf7831b8ad) Importer(815301076,1909f56bfc062723c751e8b465ee728b)  -> (artifact id: '13a01ba9fb959fd2a99865c6e0d8d487') in 0.008943 seconds
Number of updated asset objects reloaded before import = 0
Number of asset objects unloaded after import = 113
========================================================================
Received Import Request.
  Time since last request: 0.000051 seconds.
  path: Assets/Skeleton_Ghost/Animations/Look_right.fbx
  artifactKey: Guid(ecb3ebcdba2e12249b4943882a8fe3b2) Importer(815301076,1909f56bfc062723c751e8b465ee728b)
Start importing Assets/Skeleton_Ghost/Animations/Look_right.fbx using Guid(ecb3ebcdba2e12249b4943882a8fe3b2) Importer(815301076,1909f56bfc062723c751e8b465ee728b)  -> (artifact id: '2334d6afa6a4932f8d54e810265a142a') in 0.014660 seconds
Number of updated asset objects reloaded before import = 0
Number of asset objects unloaded after import = 113
========================================================================
Received Import Request.
  Time since last request: 0.000027 seconds.
  path: Assets/Skeleton_Ghost/Animations/Hit_02.fbx
  artifactKey: Guid(6643dbce68ad09346b9bc037a385d598) Importer(815301076,1909f56bfc062723c751e8b465ee728b)
Start importing Assets/Skeleton_Ghost/Animations/Hit_02.fbx using Guid(6643dbce68ad09346b9bc037a385d598) Importer(815301076,1909f56bfc062723c751e8b465ee728b)  -> (artifact id: '3dd7ea3090fab798e7bbb1fefe8738b4') in 0.008296 seconds
Number of updated asset objects reloaded before import = 0
Number of asset objects unloaded after import = 113
Editor requested this worker to shutdown with reason: Scaling down because of idle timeout
TcpMessagingSession - receive error: operation aborted. errorcode: 995, details: The I/O operation has been aborted because of either a thread exit or an application request.
AssetImportWorker is now disconnected from the server
Process exiting
Exiting without the bug reporter. Application will terminate with return code 0